<?xml version="1.0" encoding="UTF-8"?>
<!-- Generated by org.testng.reporters.JUnitXMLReporter -->
<testsuite hostname="kumaranrmk-PC" name="Test" tests="1" failures="0" timestamp="11 Mar 2020 11:30:50 GMT" time="88.67" errors="0">
  <testcase name="@AfterMethod logOutAPP" time="0.0" classname="com.hybridframework.scripts.TestCreateCustomer">
    <failure type="java.lang.Error" message="Unresolved compilation problem: 
	PATH cannot be resolved to a variable
">
      <![CDATA[java.lang.Error: Unresolved compilation problem: 
	PATH cannot be resolved to a variable

	at com.hybridframework.generics.BaseTest.logOutAPP(BaseTest.java:71)
... Removed 27 stack frames]]>
    </failure>
  </testcase> <!-- @AfterMethod logOutAPP -->
  <testcase name="@AfterClass closeApplication" time="0.0" classname="com.hybridframework.scripts.TestCreateCustomer">
    <skipped/>
  </testcase> <!-- @AfterClass closeApplication -->
  <testcase name="test_CreateCustomerModule" time="16.267" classname="com.hybridframework.scripts.TestCreateCustomer"/>
</testsuite> <!-- Test -->
