<?xml version="1.0" encoding="UTF-8"?>
<testng-results skipped="0" failed="0" total="1" passed="1">
  <reporter-output>
    <line>
      <![CDATA[The Expected page is DisplayedactiTIME - Enter Time-Track]]>
    </line>
    <line>
      <![CDATA[The Expected Page Is Displayed--->actiTIME - Task List]]>
    </line>
  </reporter-output>
  <suite name="Suite" duration-ms="88670" started-at="2020-03-11T11:29:22Z" finished-at="2020-03-11T11:30:50Z">
    <groups>
    </groups>
    <test name="Test" duration-ms="88670" started-at="2020-03-11T11:29:22Z" finished-at="2020-03-11T11:30:50Z">
      <class name="com.hybridframework.scripts.TestCreateCustomer">
        <test-method status="PASS" signature="openApplication(java.lang.String)[pri:0, instance:com.hybridframework.scripts.TestCreateCustomer@1081592]" name="openApplication" is-config="true" duration-ms="19456" started-at="2020-03-11T16:59:22Z" finished-at="2020-03-11T16:59:41Z">
          <params>
            <param index="0">
              <value>
                <![CDATA[chrome]]>
              </value>
            </param>
          </params>
          <reporter-output>
          </reporter-output>
        </test-method> <!-- openApplication -->
        <test-method status="PASS" signature="openApp()[pri:0, instance:com.hybridframework.scripts.TestCreateCustomer@1081592]" name="openApp" is-config="true" duration-ms="52878" started-at="2020-03-11T16:59:41Z" finished-at="2020-03-11T17:00:34Z">
          <reporter-output>
          </reporter-output>
        </test-method> <!-- openApp -->
        <test-method status="PASS" signature="test_CreateCustomerModule()[pri:0, instance:com.hybridframework.scripts.TestCreateCustomer@1081592]" name="test_CreateCustomerModule" duration-ms="16267" started-at="2020-03-11T17:00:34Z" finished-at="2020-03-11T17:00:50Z">
          <reporter-output>
            <line>
              <![CDATA[The Expected page is DisplayedactiTIME - Enter Time-Track]]>
            </line>
            <line>
              <![CDATA[The Expected Page Is Displayed--->actiTIME - Task List]]>
            </line>
          </reporter-output>
        </test-method> <!-- test_CreateCustomerModule -->
        <test-method status="FAIL" signature="logOutAPP(org.testng.ITestResult)[pri:0, instance:com.hybridframework.scripts.TestCreateCustomer@1081592]" name="logOutAPP" is-config="true" duration-ms="0" started-at="2020-03-11T17:00:50Z" finished-at="2020-03-11T17:00:50Z">
          <params>
            <param index="0">
              <value>
                <![CDATA[[TestResult name=test_CreateCustomerModule status=SUCCESS method=TestCreateCustomer.test_CreateCustomerModule()[pri:0, instance:com.hybridframework.scripts.TestCreateCustomer@1081592] output=The Expected page is DisplayedactiTIME - Enter Time-Track]]]>
              </value>
            </param>
          </params>
          <exception class="java.lang.Error">
            <message>
              <![CDATA[Unresolved compilation problem: 
	PATH cannot be resolved to a variable
]]>
            </message>
            <full-stacktrace>
              <![CDATA[java.lang.Error: Unresolved compilation problem: 
	PATH cannot be resolved to a variable

	at com.hybridframework.generics.BaseTest.logOutAPP(BaseTest.java:71)
	at sun.reflect.NativeMethodAccessorImpl.invoke0(Native Method)
	at sun.reflect.NativeMethodAccessorImpl.invoke(NativeMethodAccessorImpl.java:62)
	at sun.reflect.DelegatingMethodAccessorImpl.invoke(DelegatingMethodAccessorImpl.java:43)
	at java.lang.reflect.Method.invoke(Method.java:498)
	at org.testng.internal.MethodInvocationHelper.invokeMethod(MethodInvocationHelper.java:100)
	at org.testng.internal.Invoker.invokeConfigurationMethod(Invoker.java:515)
	at org.testng.internal.Invoker.invokeConfigurations(Invoker.java:216)
	at org.testng.internal.Invoker.invokeMethod(Invoker.java:712)
	at org.testng.internal.Invoker.invokeTestMethod(Invoker.java:811)
	at org.testng.internal.Invoker.invokeTestMethods(Invoker.java:1129)
	at org.testng.internal.TestMethodWorker.invokeTestMethods(TestMethodWorker.java:129)
	at org.testng.internal.TestMethodWorker.run(TestMethodWorker.java:112)
	at org.testng.TestRunner.privateRun(TestRunner.java:746)
	at org.testng.TestRunner.run(TestRunner.java:600)
	at org.testng.SuiteRunner.runTest(SuiteRunner.java:366)
	at org.testng.SuiteRunner.runSequentially(SuiteRunner.java:361)
	at org.testng.SuiteRunner.privateRun(SuiteRunner.java:319)
	at org.testng.SuiteRunner.run(SuiteRunner.java:268)
	at org.testng.SuiteRunnerWorker.runSuite(SuiteRunnerWorker.java:52)
	at org.testng.SuiteRunnerWorker.run(SuiteRunnerWorker.java:86)
	at org.testng.TestNG.runSuitesSequentially(TestNG.java:1264)
	at org.testng.TestNG.runSuitesLocally(TestNG.java:1189)
	at org.testng.TestNG.runSuites(TestNG.java:1104)
	at org.testng.TestNG.run(TestNG.java:1076)
	at org.testng.remote.AbstractRemoteTestNG.run(AbstractRemoteTestNG.java:126)
	at org.testng.remote.RemoteTestNG.initAndRun(RemoteTestNG.java:152)
	at org.testng.remote.RemoteTestNG.main(RemoteTestNG.java:57)
]]>
            </full-stacktrace>
          </exception> <!-- java.lang.Error -->
          <reporter-output>
          </reporter-output>
        </test-method> <!-- logOutAPP -->
        <test-method status="SKIP" signature="closeApplication()[pri:0, instance:com.hybridframework.scripts.TestCreateCustomer@1081592]" name="closeApplication" is-config="true" duration-ms="0" started-at="2020-03-11T17:00:50Z" finished-at="2020-03-11T17:00:50Z">
          <reporter-output>
          </reporter-output>
        </test-method> <!-- closeApplication -->
      </class> <!-- com.hybridframework.scripts.TestCreateCustomer -->
    </test> <!-- Test -->
  </suite> <!-- Suite -->
</testng-results>
