<?xml version="1.0" encoding="UTF-8"?>
<!-- Generated by org.testng.reporters.JUnitXMLReporter -->
<testsuite hostname="kumaranrmk-PC" name="Test(failed)" tests="1" failures="1" timestamp="5 Mar 2020 08:45:19 GMT" time="39.91" errors="0">
  <testcase name="test_ValidLoginPage" time="3.701" classname="com.hybridframework.scripts.TestLoginPage">
    <failure type="java.lang.AssertionError" message="expected [aciTIME - Enter Time-Track] but found [actiTIME - Enter Time-Track]">
      <![CDATA[java.lang.AssertionError: expected [aciTIME - Enter Time-Track] but found [actiTIME - Enter Time-Track]
	at com.hybridframework.pages.EnterTimeTrackPage.verifyETP(EnterTimeTrackPage.java:45)
	at com.hybridframework.scripts.TestLoginPage.test_ValidLoginPage(TestLoginPage.java:20)
... Removed 31 stack frames]]>
    </failure>
  </testcase> <!-- test_ValidLoginPage -->
</testsuite> <!-- Test(failed) -->
